Sun Feb 21 12:42:13 UTC 2021  [debug] AvalonLogChute initialized using file 'velocity.log'
Sun Feb 21 12:42:13 UTC 2021  [trace] *******************************************************************
Sun Feb 21 12:42:13 UTC 2021  [debug] Starting Apache Velocity v1.5 (compiled: 2007-02-22 08:52:29)
Sun Feb 21 12:42:13 UTC 2021  [trace] RuntimeInstance initializing.
Sun Feb 21 12:42:13 UTC 2021  [debug] Default Properties File: org/apache/velocity/runtime/defaults/velocity.properties
Sun Feb 21 12:42:13 UTC 2021  [debug] Trying to use logger class org.apache.velocity.runtime.log.AvalonLogChute
Sun Feb 21 12:42:13 UTC 2021  [debug] Using logger class org.apache.velocity.runtime.log.AvalonLogChute
Sun Feb 21 12:42:13 UTC 2021  [debug] Default ResourceManager initializing. (class org.apache.velocity.runtime.resource.ResourceManagerImpl)
Sun Feb 21 12:42:13 UTC 2021  [trace] FileResourceLoader : initialization starting.
Sun Feb 21 12:42:13 UTC 2021  [debug] Do unicode file recognition:  false
Sun Feb 21 12:42:13 UTC 2021   [info] FileResourceLoader : adding path '/opt/vodafone/src/main/torque/templates'
Sun Feb 21 12:42:13 UTC 2021  [trace] FileResourceLoader : initialization complete.
Sun Feb 21 12:42:13 UTC 2021  [trace] ClasspathResourceLoader : initialization complete.
Sun Feb 21 12:42:13 UTC 2021  [debug] ResourceCache: initialized (class org.apache.velocity.runtime.resource.ResourceCacheImpl)
Sun Feb 21 12:42:13 UTC 2021  [trace] Default ResourceManager initialization complete.
Sun Feb 21 12:42:13 UTC 2021  [debug] Loaded System Directive: org.apache.velocity.runtime.directive.Literal
Sun Feb 21 12:42:13 UTC 2021  [debug] Loaded System Directive: org.apache.velocity.runtime.directive.Macro
Sun Feb 21 12:42:13 UTC 2021  [debug] Loaded System Directive: org.apache.velocity.runtime.directive.Parse
Sun Feb 21 12:42:13 UTC 2021  [debug] Loaded System Directive: org.apache.velocity.runtime.directive.Include
Sun Feb 21 12:42:13 UTC 2021  [debug] Loaded System Directive: org.apache.velocity.runtime.directive.Foreach
Sun Feb 21 12:42:13 UTC 2021  [debug] Created '20' parsers.
Sun Feb 21 12:42:13 UTC 2021  [trace] Velocimacro : initialization starting.
Sun Feb 21 12:42:13 UTC 2021  [debug] Velocimacro : "velocimacro.library" is not set.  Trying default library: VM_global_library.vm
Sun Feb 21 12:42:13 UTC 2021  [debug] Velocimacro : Default library not found.
Sun Feb 21 12:42:13 UTC 2021  [debug] Velocimacro : allowInline = true : VMs can be defined inline in templates
Sun Feb 21 12:42:13 UTC 2021  [debug] Velocimacro : allowInlineToOverride = false : VMs defined inline may NOT replace previous VM definitions
Sun Feb 21 12:42:13 UTC 2021  [debug] Velocimacro : allowInlineLocal = false : VMs defined inline will be global in scope if allowed.
Sun Feb 21 12:42:13 UTC 2021  [debug] Velocimacro : autoload off : VM system will not automatically reload global library macros
Sun Feb 21 12:42:13 UTC 2021  [trace] Velocimacro : Velocimacro : initialization complete.
Sun Feb 21 12:42:13 UTC 2021  [trace] RuntimeInstance successfully initialized.
Sun Feb 21 12:42:13 UTC 2021  [debug] ResourceManager : found sql/load/Control.vm with loader org.apache.velocity.runtime.resource.ResourceCacheImpl
